<?xml version="1.0" encoding="UTF-8"?>
<coverage generated="1782017679577" clover="3.2.0">
  <project timestamp="1782017679577" name="All files">
    <metrics statements="753" coveredstatements="527" conditionals="414" coveredconditionals="255" methods="128" coveredmethods="88" elements="1295" coveredelements="870" complexity="0" loc="753" ncloc="753" packages="1" files="10" classes="10"/>
    <file name="CalendarTools.ts" path="D:\calendar-agent\src\CalendarTools.ts">
      <metrics statements="232" coveredstatements="171" conditionals="167" coveredconditionals="92" methods="37" coveredmethods="29"/>
      <line num="1" count="2" type="stmt"/>
      <line num="4" count="2" type="stmt"/>
      <line num="5" count="2" type="stmt"/>
      <line num="9" count="2" type="stmt"/>
      <line num="46" count="2" type="stmt"/>
      <line num="56" count="42" type="stmt"/>
      <line num="57" count="42" type="stmt"/>
      <line num="59" count="42" type="stmt"/>
      <line num="60" count="42" type="stmt"/>
      <line num="61" count="42" type="stmt"/>
      <line num="62" count="42" type="stmt"/>
      <line num="64" count="42" type="stmt"/>
      <line num="92" count="2" type="stmt"/>
      <line num="97" count="2" type="cond" truecount="4" falsecount="0"/>
      <line num="98" count="18" type="stmt"/>
      <line num="100" count="2" type="stmt"/>
      <line num="104" count="2" type="stmt"/>
      <line num="248" count="2" type="stmt"/>
      <line num="372" count="40" type="stmt"/>
      <line num="373" count="40" type="stmt"/>
      <line num="374" count="40" type="cond" truecount="2" falsecount="0"/>
      <line num="375" count="1" type="stmt"/>
      <line num="378" count="39" type="stmt"/>
      <line num="379" count="39" type="cond" truecount="2" falsecount="0"/>
      <line num="380" count="1" type="stmt"/>
      <line num="383" count="38" type="cond" truecount="1" falsecount="1"/>
      <line num="384" count="20" type="stmt"/>
      <line num="386" count="20" type="stmt"/>
      <line num="387" count="20" type="stmt"/>
      <line num="395" count="2" type="stmt"/>
      <line num="406" count="2" type="stmt"/>
      <line num="407" count="2" type="stmt"/>
      <line num="415" count="5" type="stmt"/>
      <line num="416" count="3" type="stmt"/>
      <line num="417" count="2" type="stmt"/>
      <line num="418" count="2" type="cond" truecount="2" falsecount="0"/>
      <line num="419" count="2" type="cond" truecount="2" falsecount="0"/>
      <line num="420" count="2" type="stmt"/>
      <line num="422" count="2" type="stmt"/>
      <line num="423" count="2" type="cond" truecount="1" falsecount="1"/>
      <line num="424" count="0" type="stmt"/>
      <line num="425" count="0" type="stmt"/>
      <line num="426" count="0" type="cond" truecount="0" falsecount="2"/>
      <line num="429" count="2" type="stmt"/>
      <line num="443" count="2" type="stmt"/>
      <line num="448" count="2" type="cond" truecount="2" falsecount="0"/>
      <line num="449" count="1" type="stmt"/>
      <line num="452" count="1" type="stmt"/>
      <line num="454" count="1" type="cond" truecount="1" falsecount="1"/>
      <line num="455" count="1" type="stmt"/>
      <line num="460" count="0" type="stmt"/>
      <line num="465" count="1" type="stmt"/>
      <line num="469" count="2" type="cond" truecount="2" falsecount="0"/>
      <line num="470" count="2" type="stmt"/>
      <line num="471" count="1" type="cond" truecount="2" falsecount="0"/>
      <line num="473" count="1" type="stmt"/>
      <line num="475" count="1" type="stmt"/>
      <line num="476" count="1" type="cond" truecount="2" falsecount="0"/>
      <line num="477" count="1" type="cond" truecount="1" falsecount="1"/>
      <line num="478" count="0" type="stmt"/>
      <line num="479" count="0" type="stmt"/>
      <line num="480" count="0" type="cond" truecount="0" falsecount="2"/>
      <line num="481" count="0" type="cond" truecount="0" falsecount="2"/>
      <line num="485" count="1" type="stmt"/>
      <line num="502" count="1" type="stmt"/>
      <line num="507" count="1" type="cond" truecount="1" falsecount="1"/>
      <line num="508" count="0" type="stmt"/>
      <line num="511" count="1" type="stmt"/>
      <line num="513" count="1" type="stmt"/>
      <line num="518" count="0" type="stmt"/>
      <line num="522" count="1" type="stmt"/>
      <line num="526" count="2" type="cond" truecount="2" falsecount="0"/>
      <line num="527" count="2" type="stmt"/>
      <line num="528" count="2" type="stmt"/>
      <line num="530" count="2" type="stmt"/>
      <line num="535" count="2" type="cond" truecount="2" falsecount="0"/>
      <line num="536" count="1" type="stmt"/>
      <line num="539" count="1" type="stmt"/>
      <line num="541" count="1" type="stmt"/>
      <line num="546" count="0" type="stmt"/>
      <line num="549" count="0" type="stmt"/>
      <line num="550" count="0" type="stmt"/>
      <line num="554" count="1" type="stmt"/>
      <line num="558" count="1" type="stmt"/>
      <line num="561" count="1" type="stmt"/>
      <line num="565" count="2" type="stmt"/>
      <line num="566" count="1" type="stmt"/>
      <line num="570" count="2" type="stmt"/>
      <line num="571" count="1" type="stmt"/>
      <line num="572" count="1" type="stmt"/>
      <line num="576" count="2" type="stmt"/>
      <line num="584" count="2" type="stmt"/>
      <line num="588" count="2" type="cond" truecount="2" falsecount="0"/>
      <line num="589" count="2" type="stmt"/>
      <line num="591" count="2" type="stmt"/>
      <line num="592" count="2" type="cond" truecount="1" falsecount="1"/>
      <line num="593" count="0" type="stmt"/>
      <line num="594" count="0" type="stmt"/>
      <line num="595" count="0" type="cond" truecount="0" falsecount="2"/>
      <line num="598" count="2" type="stmt"/>
      <line num="603" count="1" type="stmt"/>
      <line num="607" count="3" type="stmt"/>
      <line num="608" count="2" type="stmt"/>
      <line num="609" count="1" type="stmt"/>
      <line num="612" count="1" type="stmt"/>
      <line num="613" count="1" type="cond" truecount="2" falsecount="0"/>
      <line num="614" count="1" type="cond" truecount="1" falsecount="1"/>
      <line num="615" count="0" type="stmt"/>
      <line num="616" count="0" type="stmt"/>
      <line num="617" count="0" type="cond" truecount="0" falsecount="2"/>
      <line num="618" count="0" type="cond" truecount="0" falsecount="2"/>
      <line num="622" count="1" type="stmt"/>
      <line num="628" count="1" type="stmt"/>
      <line num="632" count="2" type="stmt"/>
      <line num="633" count="1" type="stmt"/>
      <line num="634" count="1" type="stmt"/>
      <line num="636" count="1" type="stmt"/>
      <line num="637" count="1" type="stmt"/>
      <line num="638" count="1" type="cond" truecount="1" falsecount="1"/>
      <line num="639" count="0" type="stmt"/>
      <line num="640" count="0" type="stmt"/>
      <line num="641" count="0" type="cond" truecount="0" falsecount="2"/>
      <line num="642" count="0" type="cond" truecount="0" falsecount="2"/>
      <line num="643" count="0" type="cond" truecount="0" falsecount="2"/>
      <line num="647" count="1" type="stmt"/>
      <line num="653" count="1" type="stmt"/>
      <line num="657" count="2" type="stmt"/>
      <line num="658" count="1" type="stmt"/>
      <line num="659" count="1" type="stmt"/>
      <line num="660" count="1" type="stmt"/>
      <line num="664" count="2" type="stmt"/>
      <line num="709" count="0" type="stmt"/>
      <line num="710" count="0" type="stmt"/>
      <line num="711" count="0" type="cond" truecount="0" falsecount="2"/>
      <line num="712" count="0" type="stmt"/>
      <line num="714" count="0" type="stmt"/>
      <line num="718" count="0" type="stmt"/>
      <line num="719" count="0" type="stmt"/>
      <line num="720" count="0" type="stmt"/>
      <line num="721" count="0" type="stmt"/>
      <line num="722" count="0" type="stmt"/>
      <line num="726" count="0" type="stmt"/>
      <line num="727" count="0" type="stmt"/>
      <line num="728" count="0" type="stmt"/>
      <line num="729" count="0" type="cond" truecount="0" falsecount="2"/>
      <line num="730" count="0" type="stmt"/>
      <line num="736" count="0" type="stmt"/>
      <line num="740" count="1" type="stmt"/>
      <line num="744" count="6" type="stmt"/>
      <line num="745" count="5" type="stmt"/>
      <line num="747" count="4" type="stmt"/>
      <line num="752" count="4" type="cond" truecount="2" falsecount="0"/>
      <line num="753" count="1" type="stmt"/>
      <line num="756" count="3" type="stmt"/>
      <line num="757" count="3" type="stmt"/>
      <line num="759" count="3" type="stmt"/>
      <line num="760" count="3" type="stmt"/>
      <line num="762" count="3" type="cond" truecount="2" falsecount="0"/>
      <line num="763" count="1" type="stmt"/>
      <line num="764" count="1" type="stmt"/>
      <line num="765" count="1" type="stmt"/>
      <line num="768" count="2" type="stmt"/>
      <line num="769" count="2" type="cond" truecount="2" falsecount="0"/>
      <line num="770" count="1" type="stmt"/>
      <line num="771" count="1" type="cond" truecount="1" falsecount="1"/>
      <line num="772" count="1" type="stmt"/>
      <line num="775" count="2" type="stmt"/>
      <line num="778" count="3" type="stmt"/>
      <line num="783" count="0" type="stmt"/>
      <line num="784" count="0" type="cond" truecount="0" falsecount="2"/>
      <line num="785" count="0" type="cond" truecount="0" falsecount="2"/>
      <line num="786" count="0" type="stmt"/>
      <line num="788" count="0" type="stmt"/>
      <line num="794" count="3" type="stmt"/>
      <line num="798" count="4" type="stmt"/>
      <line num="799" count="3" type="stmt"/>
      <line num="801" count="2" type="stmt"/>
      <line num="806" count="2" type="cond" truecount="1" falsecount="1"/>
      <line num="807" count="0" type="stmt"/>
      <line num="810" count="2" type="stmt"/>
      <line num="811" count="2" type="stmt"/>
      <line num="813" count="2" type="stmt"/>
      <line num="814" count="2" type="stmt"/>
      <line num="816" count="2" type="cond" truecount="2" falsecount="0"/>
      <line num="817" count="1" type="stmt"/>
      <line num="818" count="1" type="stmt"/>
      <line num="819" count="1" type="cond" truecount="2" falsecount="2"/>
      <line num="820" count="1" type="stmt"/>
      <line num="822" count="1" type="stmt"/>
      <line num="823" count="1" type="cond" truecount="1" falsecount="1"/>
      <line num="824" count="0" type="stmt"/>
      <line num="825" count="0" type="cond" truecount="0" falsecount="2"/>
      <line num="826" count="0" type="stmt"/>
      <line num="829" count="1" type="stmt"/>
      <line num="832" count="2" type="stmt"/>
      <line num="837" count="0" type="stmt"/>
      <line num="838" count="0" type="cond" truecount="0" falsecount="2"/>
      <line num="839" count="0" type="cond" truecount="0" falsecount="2"/>
      <line num="840" count="0" type="stmt"/>
      <line num="842" count="0" type="stmt"/>
      <line num="848" count="2" type="stmt"/>
      <line num="852" count="5" type="stmt"/>
      <line num="853" count="5" type="stmt"/>
      <line num="854" count="5" type="cond" truecount="1" falsecount="1"/>
      <line num="855" count="5" type="cond" truecount="2" falsecount="2"/>
      <line num="856" count="5" type="cond" truecount="1" falsecount="1"/>
      <line num="858" count="5" type="cond" truecount="2" falsecount="2"/>
      <line num="859" count="5" type="cond" truecount="1" falsecount="1"/>
      <line num="861" count="5" type="cond" truecount="1" falsecount="1"/>
      <line num="862" count="5" type="cond" truecount="1" falsecount="1"/>
      <line num="863" count="5" type="stmt"/>
      <line num="867" count="6" type="cond" truecount="1" falsecount="1"/>
      <line num="868" count="0" type="stmt"/>
      <line num="872" count="5" type="cond" truecount="1" falsecount="1"/>
      <line num="876" count="101" type="cond" truecount="2" falsecount="0"/>
      <line num="877" count="38" type="stmt"/>
      <line num="878" count="38" type="cond" truecount="1" falsecount="1"/>
      <line num="882" count="49" type="stmt"/>
      <line num="883" count="49" type="cond" truecount="2" falsecount="0"/>
      <line num="884" count="15" type="stmt"/>
      <line num="886" count="34" type="stmt"/>
      <line num="890" count="5" type="cond" truecount="4" falsecount="0"/>
      <line num="891" count="2" type="cond" truecount="2" falsecount="2"/>
      <line num="892" count="0" type="stmt"/>
      <line num="893" count="0" type="cond" truecount="0" falsecount="2"/>
      <line num="895" count="2" type="stmt"/>
      <line num="899" count="6" type="cond" truecount="1" falsecount="1"/>
      <line num="900" count="6" type="cond" truecount="1" falsecount="1"/>
      <line num="901" count="0" type="stmt"/>
      <line num="902" count="0" type="cond" truecount="0" falsecount="2"/>
      <line num="903" count="0" type="cond" truecount="0" falsecount="2"/>
      <line num="905" count="6" type="stmt"/>
    </file>
    <file name="EncryptionUtils.ts" path="D:\calendar-agent\src\EncryptionUtils.ts">
      <metrics statements="6" coveredstatements="6" conditionals="0" coveredconditionals="0" methods="3" coveredmethods="3"/>
      <line num="8" count="5" type="stmt"/>
      <line num="10" count="5" type="stmt"/>
      <line num="15" count="10" type="stmt"/>
      <line num="22" count="8" type="stmt"/>
      <line num="23" count="8" type="stmt"/>
      <line num="33" count="5" type="stmt"/>
    </file>
    <file name="GeminiAgent.ts" path="D:\calendar-agent\src\GeminiAgent.ts">
      <metrics statements="67" coveredstatements="39" conditionals="43" coveredconditionals="19" methods="8" coveredmethods="6"/>
      <line num="1" count="2" type="stmt"/>
      <line num="33" count="2" type="stmt"/>
      <line num="34" count="2" type="stmt"/>
      <line num="50" count="2" type="stmt"/>
      <line num="51" count="2" type="stmt"/>
      <line num="57" count="15" type="stmt"/>
      <line num="58" count="15" type="stmt"/>
      <line num="62" count="12" type="stmt"/>
      <line num="118" count="14" type="stmt"/>
      <line num="119" count="14" type="cond" truecount="2" falsecount="0"/>
      <line num="120" count="2" type="stmt"/>
      <line num="123" count="12" type="stmt"/>
      <line num="128" count="12" type="stmt"/>
      <line num="129" count="12" type="cond" truecount="1" falsecount="1"/>
      <line num="130" count="0" type="stmt"/>
      <line num="138" count="12" type="stmt"/>
      <line num="144" count="12" type="stmt"/>
      <line num="145" count="12" type="stmt"/>
      <line num="147" count="12" type="stmt"/>
      <line num="148" count="21" type="cond" truecount="2" falsecount="0"/>
      <line num="149" count="1" type="stmt"/>
      <line num="152" count="20" type="stmt"/>
      <line num="153" count="20" type="stmt"/>
      <line num="154" count="20" type="stmt"/>
      <line num="156" count="20" type="cond" truecount="2" falsecount="0"/>
      <line num="157" count="2" type="stmt"/>
      <line num="160" count="18" type="stmt"/>
      <line num="162" count="18" type="stmt"/>
      <line num="163" count="18" type="cond" truecount="2" falsecount="0"/>
      <line num="164" count="8" type="stmt"/>
      <line num="165" count="8" type="stmt"/>
      <line num="173" count="10" type="stmt"/>
      <line num="174" count="10" type="stmt"/>
      <line num="180" count="10" type="cond" truecount="1" falsecount="1"/>
      <line num="181" count="0" type="stmt"/>
      <line num="184" count="10" type="stmt"/>
      <line num="185" count="10" type="stmt"/>
      <line num="195" count="10" type="stmt"/>
      <line num="212" count="1" type="stmt"/>
      <line num="220" count="0" type="stmt"/>
      <line num="234" count="0" type="stmt"/>
      <line num="236" count="0" type="stmt"/>
      <line num="237" count="0" type="stmt"/>
      <line num="238" count="0" type="stmt"/>
      <line num="249" count="0" type="cond" truecount="0" falsecount="4"/>
      <line num="250" count="0" type="stmt"/>
      <line num="253" count="0" type="stmt"/>
      <line num="254" count="0" type="stmt"/>
      <line num="256" count="0" type="cond" truecount="0" falsecount="3"/>
      <line num="260" count="0" type="cond" truecount="0" falsecount="3"/>
      <line num="263" count="0" type="cond" truecount="0" falsecount="2"/>
      <line num="265" count="0" type="stmt"/>
      <line num="266" count="0" type="stmt"/>
      <line num="269" count="0" type="cond" truecount="0" falsecount="2"/>
      <line num="270" count="0" type="stmt"/>
      <line num="274" count="0" type="cond" truecount="0" falsecount="2"/>
      <line num="275" count="0" type="stmt"/>
      <line num="279" count="0" type="cond" truecount="0" falsecount="2"/>
      <line num="280" count="0" type="stmt"/>
      <line num="286" count="0" type="stmt"/>
      <line num="288" count="0" type="stmt"/>
      <line num="297" count="0" type="stmt"/>
      <line num="298" count="0" type="cond" truecount="0" falsecount="2"/>
      <line num="299" count="0" type="stmt"/>
      <line num="301" count="0" type="stmt"/>
      <line num="305" count="8" type="stmt"/>
      <line num="306" count="8" type="cond" truecount="1" falsecount="1"/>
    </file>
    <file name="GoogleCalendarAPI.ts" path="D:\calendar-agent\src\GoogleCalendarAPI.ts">
      <metrics statements="77" coveredstatements="63" conditionals="51" coveredconditionals="41" methods="14" coveredmethods="11"/>
      <line num="1" count="2" type="stmt"/>
      <line num="4" count="2" type="stmt"/>
      <line num="8" count="2" type="stmt"/>
      <line num="9" count="2" type="stmt"/>
      <line num="40" count="2" type="stmt"/>
      <line num="41" count="2" type="stmt"/>
      <line num="47" count="9" type="stmt"/>
      <line num="48" count="9" type="stmt"/>
      <line num="56" count="3" type="cond" truecount="2" falsecount="0"/>
      <line num="57" count="3" type="stmt"/>
      <line num="59" count="3" type="cond" truecount="1" falsecount="1"/>
      <line num="60" count="3" type="cond" truecount="1" falsecount="1"/>
      <line num="61" count="3" type="cond" truecount="2" falsecount="0"/>
      <line num="62" count="3" type="cond" truecount="2" falsecount="0"/>
      <line num="63" count="3" type="cond" truecount="2" falsecount="0"/>
      <line num="64" count="3" type="cond" truecount="2" falsecount="0"/>
      <line num="65" count="3" type="cond" truecount="2" falsecount="0"/>
      <line num="67" count="3" type="stmt"/>
      <line num="68" count="3" type="stmt"/>
      <line num="70" count="3" type="cond" truecount="1" falsecount="1"/>
      <line num="74" count="0" type="stmt"/>
      <line num="75" count="0" type="stmt"/>
      <line num="77" count="0" type="stmt"/>
      <line num="78" count="0" type="stmt"/>
      <line num="82" count="2" type="stmt"/>
      <line num="83" count="2" type="stmt"/>
      <line num="85" count="1" type="stmt"/>
      <line num="86" count="1" type="stmt"/>
      <line num="90" count="0" type="stmt"/>
      <line num="91" count="0" type="stmt"/>
      <line num="92" count="0" type="stmt"/>
      <line num="94" count="0" type="stmt"/>
      <line num="95" count="0" type="stmt"/>
      <line num="99" count="1" type="stmt"/>
      <line num="100" count="1" type="stmt"/>
      <line num="102" count="1" type="stmt"/>
      <line num="103" count="1" type="stmt"/>
      <line num="107" count="2" type="stmt"/>
      <line num="108" count="2" type="stmt"/>
      <line num="110" count="2" type="stmt"/>
      <line num="111" count="2" type="stmt"/>
      <line num="119" count="7" type="stmt"/>
      <line num="121" count="7" type="stmt"/>
      <line num="122" count="7" type="stmt"/>
      <line num="124" count="7" type="stmt"/>
      <line num="129" count="7" type="cond" truecount="2" falsecount="0"/>
      <line num="130" count="2" type="stmt"/>
      <line num="131" count="2" type="stmt"/>
      <line num="134" count="7" type="stmt"/>
      <line num="142" count="7" type="cond" truecount="4" falsecount="0"/>
      <line num="143" count="1" type="stmt"/>
      <line num="144" count="1" type="stmt"/>
      <line num="145" count="1" type="stmt"/>
      <line num="148" count="1" type="stmt"/>
      <line num="149" count="1" type="stmt"/>
      <line num="152" count="6" type="cond" truecount="2" falsecount="0"/>
      <line num="153" count="1" type="stmt"/>
      <line num="156" count="5" type="stmt"/>
      <line num="160" count="0" type="stmt"/>
      <line num="169" count="1" type="stmt"/>
      <line num="174" count="1" type="stmt"/>
      <line num="175" count="1" type="stmt"/>
      <line num="184" count="1" type="cond" truecount="1" falsecount="1"/>
      <line num="186" count="1" type="stmt"/>
      <line num="193" count="0" type="stmt"/>
      <line num="198" count="2" type="stmt"/>
      <line num="199" count="2" type="cond" truecount="1" falsecount="1"/>
      <line num="203" count="8" type="cond" truecount="1" falsecount="1"/>
      <line num="204" count="0" type="stmt"/>
      <line num="209" count="2" type="cond" truecount="1" falsecount="1"/>
      <line num="210" count="0" type="stmt"/>
      <line num="214" count="2" type="cond" truecount="4" falsecount="0"/>
      <line num="215" count="1" type="stmt"/>
      <line num="218" count="1" type="cond" truecount="2" falsecount="0"/>
      <line num="219" count="1" type="cond" truecount="2" falsecount="0"/>
      <line num="221" count="1" type="cond" truecount="3" falsecount="1"/>
      <line num="222" count="0" type="stmt"/>
    </file>
    <file name="GoogleTasksAPI.ts" path="D:\calendar-agent\src\GoogleTasksAPI.ts">
      <metrics statements="96" coveredstatements="70" conditionals="50" coveredconditionals="33" methods="17" coveredmethods="11"/>
      <line num="1" count="3" type="stmt"/>
      <line num="9" count="3" type="stmt"/>
      <line num="10" count="3" type="stmt"/>
      <line num="50" count="3" type="stmt"/>
      <line num="51" count="3" type="stmt"/>
      <line num="57" count="53" type="stmt"/>
      <line num="58" count="53" type="stmt"/>
      <line num="65" count="2" type="stmt"/>
      <line num="66" count="2" type="cond" truecount="2" falsecount="0"/>
      <line num="68" count="2" type="stmt"/>
      <line num="69" count="2" type="cond" truecount="2" falsecount="0"/>
      <line num="70" count="2" type="stmt"/>
      <line num="72" count="2" type="cond" truecount="1" falsecount="1"/>
      <line num="79" count="0" type="stmt"/>
      <line num="80" count="0" type="stmt"/>
      <line num="81" count="0" type="stmt"/>
      <line num="88" count="0" type="stmt"/>
      <line num="89" count="0" type="stmt"/>
      <line num="90" count="0" type="stmt"/>
      <line num="91" count="0" type="stmt"/>
      <line num="98" count="0" type="stmt"/>
      <line num="99" count="0" type="stmt"/>
      <line num="100" count="0" type="stmt"/>
      <line num="107" count="2" type="cond" truecount="2" falsecount="0"/>
      <line num="108" count="2" type="stmt"/>
      <line num="110" count="2" type="stmt"/>
      <line num="111" count="2" type="cond" truecount="1" falsecount="1"/>
      <line num="112" count="2" type="cond" truecount="1" falsecount="1"/>
      <line num="113" count="2" type="cond" truecount="1" falsecount="1"/>
      <line num="114" count="2" type="cond" truecount="1" falsecount="1"/>
      <line num="115" count="2" type="cond" truecount="1" falsecount="1"/>
      <line num="116" count="2" type="cond" truecount="1" falsecount="1"/>
      <line num="118" count="2" type="stmt"/>
      <line num="119" count="2" type="cond" truecount="1" falsecount="1"/>
      <line num="122" count="2" type="stmt"/>
      <line num="124" count="2" type="cond" truecount="1" falsecount="1"/>
      <line num="131" count="0" type="stmt"/>
      <line num="132" count="0" type="stmt"/>
      <line num="133" count="0" type="stmt"/>
      <line num="134" count="0" type="stmt"/>
      <line num="141" count="2" type="stmt"/>
      <line num="142" count="2" type="stmt"/>
      <line num="143" count="1" type="stmt"/>
      <line num="144" count="1" type="stmt"/>
      <line num="151" count="0" type="stmt"/>
      <line num="152" count="0" type="stmt"/>
      <line num="153" count="0" type="stmt"/>
      <line num="154" count="0" type="stmt"/>
      <line num="155" count="0" type="stmt"/>
      <line num="162" count="1" type="stmt"/>
      <line num="163" count="1" type="stmt"/>
      <line num="164" count="1" type="stmt"/>
      <line num="165" count="1" type="stmt"/>
      <line num="172" count="2" type="stmt"/>
      <line num="173" count="2" type="stmt"/>
      <line num="174" count="2" type="stmt"/>
      <line num="175" count="2" type="stmt"/>
      <line num="183" count="8" type="stmt"/>
      <line num="185" count="8" type="stmt"/>
      <line num="186" count="8" type="cond" truecount="1" falsecount="1"/>
      <line num="187" count="0" type="stmt"/>
      <line num="190" count="8" type="stmt"/>
      <line num="191" count="8" type="stmt"/>
      <line num="193" count="8" type="stmt"/>
      <line num="196" count="8" type="stmt"/>
      <line num="199" count="8" type="cond" truecount="2" falsecount="0"/>
      <line num="200" count="2" type="stmt"/>
      <line num="201" count="2" type="stmt"/>
      <line num="204" count="8" type="stmt"/>
      <line num="212" count="8" type="cond" truecount="4" falsecount="0"/>
      <line num="213" count="1" type="stmt"/>
      <line num="214" count="1" type="stmt"/>
      <line num="215" count="1" type="stmt"/>
      <line num="218" count="1" type="stmt"/>
      <line num="219" count="1" type="stmt"/>
      <line num="222" count="7" type="cond" truecount="2" falsecount="0"/>
      <line num="223" count="1" type="stmt"/>
      <line num="226" count="6" type="stmt"/>
      <line num="230" count="0" type="stmt"/>
      <line num="236" count="1" type="stmt"/>
      <line num="237" count="1" type="stmt"/>
      <line num="238" count="1" type="cond" truecount="1" falsecount="1"/>
      <line num="239" count="0" type="stmt"/>
      <line num="240" count="0" type="stmt"/>
      <line num="244" count="1" type="stmt"/>
      <line num="249" count="1" type="stmt"/>
      <line num="250" count="1" type="stmt"/>
      <line num="259" count="1" type="cond" truecount="1" falsecount="1"/>
      <line num="261" count="1" type="stmt"/>
      <line num="268" count="0" type="stmt"/>
      <line num="273" count="10" type="cond" truecount="1" falsecount="1"/>
      <line num="274" count="0" type="stmt"/>
      <line num="279" count="2" type="cond" truecount="1" falsecount="1"/>
      <line num="280" count="0" type="stmt"/>
      <line num="282" count="2" type="cond" truecount="2" falsecount="0"/>
      <line num="283" count="1" type="stmt"/>
    </file>
    <file name="Logger.ts" path="D:\calendar-agent\src\Logger.ts">
      <metrics statements="22" coveredstatements="22" conditionals="14" coveredconditionals="14" methods="6" coveredmethods="6"/>
      <line num="8" count="7" type="cond" truecount="2" falsecount="0"/>
      <line num="9" count="7" type="stmt"/>
      <line num="10" count="7" type="stmt"/>
      <line num="11" count="7" type="stmt"/>
      <line num="12" count="7" type="stmt"/>
      <line num="23" count="7" type="stmt"/>
      <line num="24" count="7" type="stmt"/>
      <line num="30" count="49" type="stmt"/>
      <line num="38" count="49" type="stmt"/>
      <line num="40" count="49" type="cond" truecount="4" falsecount="0"/>
      <line num="42" count="18" type="cond" truecount="2" falsecount="0"/>
      <line num="43" count="18" type="stmt"/>
      <line num="45" count="3" type="cond" truecount="2" falsecount="0"/>
      <line num="46" count="3" type="stmt"/>
      <line num="48" count="2" type="cond" truecount="2" falsecount="0"/>
      <line num="49" count="2" type="stmt"/>
      <line num="51" count="26" type="cond" truecount="2" falsecount="0"/>
      <line num="52" count="26" type="stmt"/>
      <line num="57" count="17" type="stmt"/>
      <line num="61" count="1" type="stmt"/>
      <line num="65" count="1" type="stmt"/>
      <line num="69" count="25" type="stmt"/>
    </file>
    <file name="OAuthManager.ts" path="D:\calendar-agent\src\OAuthManager.ts">
      <metrics statements="128" coveredstatements="99" conditionals="60" coveredconditionals="37" methods="17" coveredmethods="14"/>
      <line num="1" count="4" type="stmt"/>
      <line num="4" count="4" type="stmt"/>
      <line num="5" count="4" type="stmt"/>
      <line num="15" count="4" type="stmt"/>
      <line num="16" count="4" type="stmt"/>
      <line num="17" count="4" type="stmt"/>
      <line num="18" count="4" type="stmt"/>
      <line num="19" count="4" type="stmt"/>
      <line num="20" count="4" type="stmt"/>
      <line num="29" count="27" type="stmt"/>
      <line num="30" count="27" type="stmt"/>
      <line num="33" count="27" type="stmt"/>
      <line num="41" count="0" type="stmt"/>
      <line num="42" count="0" type="stmt"/>
      <line num="43" count="0" type="stmt"/>
      <line num="45" count="0" type="cond" truecount="0" falsecount="4"/>
      <line num="46" count="0" type="stmt"/>
      <line num="47" count="0" type="stmt"/>
      <line num="51" count="0" type="stmt"/>
      <line num="53" count="0" type="stmt"/>
      <line num="54" count="0" type="stmt"/>
      <line num="57" count="0" type="stmt"/>
      <line num="60" count="0" type="cond" truecount="0" falsecount="2"/>
      <line num="62" count="0" type="stmt"/>
      <line num="63" count="0" type="stmt"/>
      <line num="68" count="0" type="stmt"/>
      <line num="69" count="0" type="stmt"/>
      <line num="77" count="3" type="cond" truecount="2" falsecount="0"/>
      <line num="78" count="1" type="stmt"/>
      <line num="81" count="2" type="stmt"/>
      <line num="82" count="2" type="stmt"/>
      <line num="84" count="2" type="cond" truecount="2" falsecount="0"/>
      <line num="85" count="1" type="stmt"/>
      <line num="88" count="2" type="cond" truecount="1" falsecount="1"/>
      <line num="89" count="0" type="stmt"/>
      <line num="92" count="2" type="stmt"/>
      <line num="99" count="4" type="stmt"/>
      <line num="100" count="4" type="cond" truecount="2" falsecount="0"/>
      <line num="101" count="1" type="stmt"/>
      <line num="104" count="3" type="stmt"/>
      <line num="105" count="3" type="stmt"/>
      <line num="106" count="3" type="stmt"/>
      <line num="107" count="3" type="stmt"/>
      <line num="109" count="3" type="stmt"/>
      <line num="122" count="3" type="stmt"/>
      <line num="130" count="2" type="stmt"/>
      <line num="131" count="2" type="cond" truecount="1" falsecount="1"/>
      <line num="132" count="0" type="stmt"/>
      <line num="135" count="2" type="cond" truecount="1" falsecount="1"/>
      <line num="136" count="0" type="stmt"/>
      <line num="139" count="2" type="stmt"/>
      <line num="141" count="2" type="stmt"/>
      <line num="143" count="2" type="stmt"/>
      <line num="151" count="2" type="cond" truecount="1" falsecount="1"/>
      <line num="152" count="2" type="stmt"/>
      <line num="155" count="2" type="stmt"/>
      <line num="165" count="2" type="cond" truecount="4" falsecount="0"/>
      <line num="166" count="1" type="stmt"/>
      <line num="169" count="1" type="stmt"/>
      <line num="177" count="1" type="cond" truecount="4" falsecount="1"/>
      <line num="178" count="0" type="stmt"/>
      <line num="181" count="1" type="stmt"/>
      <line num="189" count="1" type="stmt"/>
      <line num="190" count="1" type="stmt"/>
      <line num="191" count="1" type="stmt"/>
      <line num="193" count="1" type="stmt"/>
      <line num="194" count="1" type="stmt"/>
      <line num="201" count="1" type="stmt"/>
      <line num="202" count="1" type="cond" truecount="1" falsecount="1"/>
      <line num="203" count="0" type="stmt"/>
      <line num="206" count="1" type="cond" truecount="1" falsecount="1"/>
      <line num="207" count="0" type="stmt"/>
      <line num="210" count="1" type="stmt"/>
      <line num="212" count="1" type="stmt"/>
      <line num="218" count="1" type="cond" truecount="1" falsecount="1"/>
      <line num="219" count="1" type="stmt"/>
      <line num="222" count="1" type="stmt"/>
      <line num="232" count="1" type="cond" truecount="3" falsecount="1"/>
      <line num="233" count="0" type="stmt"/>
      <line num="236" count="1" type="stmt"/>
      <line num="243" count="1" type="cond" truecount="4" falsecount="1"/>
      <line num="244" count="0" type="stmt"/>
      <line num="247" count="1" type="stmt"/>
      <line num="255" count="1" type="stmt"/>
      <line num="259" count="0" type="stmt"/>
      <line num="268" count="5" type="stmt"/>
      <line num="269" count="5" type="cond" truecount="1" falsecount="1"/>
      <line num="270" count="5" type="stmt"/>
      <line num="273" count="0" type="cond" truecount="0" falsecount="2"/>
      <line num="274" count="0" type="stmt"/>
      <line num="277" count="0" type="stmt"/>
      <line num="281" count="5" type="stmt"/>
      <line num="282" count="5" type="stmt"/>
      <line num="283" count="5" type="stmt"/>
      <line num="284" count="5" type="stmt"/>
      <line num="285" count="5" type="stmt"/>
      <line num="288" count="0" type="stmt"/>
      <line num="297" count="2" type="stmt"/>
      <line num="298" count="2" type="stmt"/>
      <line num="299" count="2" type="stmt"/>
      <line num="300" count="2" type="cond" truecount="2" falsecount="0"/>
      <line num="301" count="1" type="stmt"/>
      <line num="303" count="1" type="stmt"/>
      <line num="305" count="1" type="stmt"/>
      <line num="310" count="2" type="cond" truecount="1" falsecount="1"/>
      <line num="312" count="2" type="cond" truecount="1" falsecount="1"/>
      <line num="313" count="2" type="stmt"/>
      <line num="314" count="2" type="stmt"/>
      <line num="319" count="0" type="stmt"/>
      <line num="322" count="2" type="stmt"/>
      <line num="326" count="3" type="stmt"/>
      <line num="327" count="3" type="stmt"/>
      <line num="328" count="3" type="stmt"/>
      <line num="329" count="288" type="stmt"/>
      <line num="331" count="3" type="stmt"/>
      <line num="335" count="3" type="stmt"/>
      <line num="336" count="3" type="stmt"/>
      <line num="337" count="3" type="stmt"/>
      <line num="338" count="3" type="stmt"/>
      <line num="342" count="3" type="stmt"/>
      <line num="343" count="3" type="stmt"/>
      <line num="344" count="96" type="stmt"/>
      <line num="348" count="3" type="stmt"/>
      <line num="352" count="3" type="stmt"/>
      <line num="353" count="3" type="stmt"/>
      <line num="354" count="3" type="stmt"/>
      <line num="355" count="72" type="stmt"/>
      <line num="357" count="3" type="stmt"/>
    </file>
    <file name="RetryUtils.ts" path="D:\calendar-agent\src\RetryUtils.ts">
      <metrics statements="16" coveredstatements="16" conditionals="9" coveredconditionals="9" methods="2" coveredmethods="2"/>
      <line num="13" count="5" type="stmt"/>
      <line num="19" count="5" type="stmt"/>
      <line num="28" count="26" type="stmt"/>
      <line num="29" count="26" type="stmt"/>
      <line num="31" count="26" type="stmt"/>
      <line num="32" count="32" type="stmt"/>
      <line num="33" count="32" type="stmt"/>
      <line num="35" count="12" type="stmt"/>
      <line num="38" count="12" type="cond" truecount="4" falsecount="0"/>
      <line num="39" count="5" type="stmt"/>
      <line num="42" count="7" type="cond" truecount="2" falsecount="0"/>
      <line num="43" count="1" type="stmt"/>
      <line num="46" count="6" type="cond" truecount="2" falsecount="0"/>
      <line num="47" count="1" type="stmt"/>
      <line num="50" count="6" type="stmt"/>
      <line num="51" count="6" type="stmt"/>
    </file>
    <file name="SafetyLayer.ts" path="D:\calendar-agent\src\SafetyLayer.ts">
      <metrics statements="99" coveredstatements="31" conditionals="18" coveredconditionals="8" methods="23" coveredmethods="5"/>
      <line num="1" count="1" type="stmt"/>
      <line num="4" count="1" type="stmt"/>
      <line num="26" count="1" type="stmt"/>
      <line num="28" count="11" type="stmt"/>
      <line num="29" count="11" type="stmt"/>
      <line num="32" count="11" type="stmt"/>
      <line num="37" count="4" type="cond" truecount="2" falsecount="0"/>
      <line num="38" count="1" type="stmt"/>
      <line num="41" count="3" type="stmt"/>
      <line num="42" count="3" type="stmt"/>
      <line num="43" count="2" type="cond" truecount="2" falsecount="0"/>
      <line num="44" count="1" type="stmt"/>
      <line num="46" count="2" type="stmt"/>
      <line num="48" count="1" type="stmt"/>
      <line num="49" count="1" type="stmt"/>
      <line num="50" count="1" type="stmt"/>
      <line num="55" count="29" type="stmt"/>
      <line num="56" count="29" type="cond" truecount="2" falsecount="0"/>
      <line num="57" count="5" type="stmt"/>
      <line num="62" count="7" type="stmt"/>
      <line num="66" count="3" type="stmt"/>
      <line num="67" count="3" type="cond" truecount="2" falsecount="0"/>
      <line num="68" count="1" type="stmt"/>
      <line num="69" count="1" type="stmt"/>
      <line num="72" count="2" type="stmt"/>
      <line num="73" count="2" type="stmt"/>
      <line num="74" count="1" type="stmt"/>
      <line num="75" count="1" type="stmt"/>
      <line num="77" count="1" type="stmt"/>
      <line num="78" count="1" type="stmt"/>
      <line num="79" count="1" type="stmt"/>
      <line num="87" count="0" type="stmt"/>
      <line num="88" count="0" type="stmt"/>
      <line num="92" count="0" type="stmt"/>
      <line num="94" count="0" type="stmt"/>
      <line num="99" count="0" type="stmt"/>
      <line num="100" count="0" type="stmt"/>
      <line num="101" count="0" type="stmt"/>
      <line num="109" count="0" type="stmt"/>
      <line num="116" count="0" type="stmt"/>
      <line num="117" count="0" type="stmt"/>
      <line num="118" count="0" type="stmt"/>
      <line num="122" count="0" type="stmt"/>
      <line num="123" count="0" type="stmt"/>
      <line num="125" count="0" type="stmt"/>
      <line num="126" count="0" type="stmt"/>
      <line num="130" count="0" type="cond" truecount="0" falsecount="2"/>
      <line num="131" count="0" type="stmt"/>
      <line num="132" count="0" type="stmt"/>
      <line num="133" count="0" type="stmt"/>
      <line num="137" count="0" type="stmt"/>
      <line num="138" count="0" type="stmt"/>
      <line num="139" count="0" type="stmt"/>
      <line num="140" count="0" type="stmt"/>
      <line num="141" count="0" type="stmt"/>
      <line num="144" count="0" type="stmt"/>
      <line num="148" count="0" type="stmt"/>
      <line num="149" count="0" type="stmt"/>
      <line num="150" count="0" type="stmt"/>
      <line num="155" count="0" type="stmt"/>
      <line num="157" count="0" type="stmt"/>
      <line num="161" count="0" type="cond" truecount="0" falsecount="2"/>
      <line num="162" count="0" type="stmt"/>
      <line num="163" count="0" type="stmt"/>
      <line num="171" count="0" type="stmt"/>
      <line num="179" count="0" type="stmt"/>
      <line num="180" count="0" type="stmt"/>
      <line num="181" count="0" type="stmt"/>
      <line num="182" count="0" type="stmt"/>
      <line num="186" count="0" type="stmt"/>
      <line num="187" count="0" type="stmt"/>
      <line num="188" count="0" type="stmt"/>
      <line num="190" count="0" type="stmt"/>
      <line num="192" count="0" type="stmt"/>
      <line num="193" count="0" type="stmt"/>
      <line num="194" count="0" type="stmt"/>
      <line num="195" count="0" type="stmt"/>
      <line num="197" count="0" type="cond" truecount="0" falsecount="2"/>
      <line num="198" count="0" type="stmt"/>
      <line num="199" count="0" type="stmt"/>
      <line num="204" count="0" type="cond" truecount="0" falsecount="2"/>
      <line num="205" count="0" type="stmt"/>
      <line num="206" count="0" type="stmt"/>
      <line num="207" count="0" type="stmt"/>
      <line num="208" count="0" type="stmt"/>
      <line num="209" count="0" type="stmt"/>
      <line num="210" count="0" type="stmt"/>
      <line num="214" count="0" type="stmt"/>
      <line num="215" count="0" type="stmt"/>
      <line num="216" count="0" type="stmt"/>
      <line num="218" count="0" type="stmt"/>
      <line num="219" count="0" type="stmt"/>
      <line num="221" count="0" type="stmt"/>
      <line num="222" count="0" type="stmt"/>
      <line num="226" count="0" type="stmt"/>
      <line num="227" count="0" type="stmt"/>
      <line num="231" count="0" type="cond" truecount="0" falsecount="2"/>
      <line num="232" count="0" type="stmt"/>
      <line num="233" count="0" type="stmt"/>
    </file>
    <file name="types.ts" path="D:\calendar-agent\src\types.ts">
      <metrics statements="10" coveredstatements="10" conditionals="2" coveredconditionals="2" methods="1" coveredmethods="1"/>
      <line num="5" count="3" type="stmt"/>
      <line num="7" count="3" type="cond" truecount="2" falsecount="0"/>
      <line num="8" count="3" type="stmt"/>
      <line num="9" count="3" type="stmt"/>
      <line num="10" count="3" type="stmt"/>
      <line num="11" count="3" type="stmt"/>
      <line num="12" count="3" type="stmt"/>
      <line num="13" count="3" type="stmt"/>
      <line num="14" count="3" type="stmt"/>
      <line num="41" count="3" type="stmt"/>
    </file>
  </project>
</coverage>
