TN:
SF:src\CalendarTools.ts
FN:55,(anonymous_0)
FN:91,(anonymous_1)
FN:98,(anonymous_2)
FN:103,(anonymous_3)
FN:247,(anonymous_4)
FN:371,(anonymous_5)
FN:394,(anonymous_6)
FN:414,(anonymous_7)
FN:459,(anonymous_8)
FN:468,(anonymous_9)
FN:517,(anonymous_10)
FN:525,(anonymous_11)
FN:545,(anonymous_12)
FN:557,(anonymous_13)
FN:564,(anonymous_14)
FN:569,(anonymous_15)
FN:575,(anonymous_16)
FN:587,(anonymous_17)
FN:606,(anonymous_18)
FN:631,(anonymous_19)
FN:656,(anonymous_20)
FN:663,(anonymous_21)
FN:708,(anonymous_22)
FN:717,(anonymous_23)
FN:725,(anonymous_24)
FN:739,(anonymous_25)
FN:743,(anonymous_26)
FN:782,(anonymous_27)
FN:797,(anonymous_28)
FN:836,(anonymous_29)
FN:851,(anonymous_30)
FN:866,(anonymous_31)
FN:871,(anonymous_32)
FN:875,(anonymous_33)
FN:881,(anonymous_34)
FN:889,(anonymous_35)
FN:898,(anonymous_36)
FNF:37
FNH:29
FNDA:51,(anonymous_0)
FNDA:6,(anonymous_1)
FNDA:18,(anonymous_2)
FNDA:6,(anonymous_3)
FNDA:6,(anonymous_4)
FNDA:46,(anonymous_5)
FNDA:8,(anonymous_6)
FNDA:5,(anonymous_7)
FNDA:0,(anonymous_8)
FNDA:2,(anonymous_9)
FNDA:0,(anonymous_10)
FNDA:2,(anonymous_11)
FNDA:0,(anonymous_12)
FNDA:1,(anonymous_13)
FNDA:2,(anonymous_14)
FNDA:2,(anonymous_15)
FNDA:2,(anonymous_16)
FNDA:2,(anonymous_17)
FNDA:3,(anonymous_18)
FNDA:2,(anonymous_19)
FNDA:2,(anonymous_20)
FNDA:6,(anonymous_21)
FNDA:0,(anonymous_22)
FNDA:0,(anonymous_23)
FNDA:0,(anonymous_24)
FNDA:1,(anonymous_25)
FNDA:6,(anonymous_26)
FNDA:0,(anonymous_27)
FNDA:4,(anonymous_28)
FNDA:0,(anonymous_29)
FNDA:5,(anonymous_30)
FNDA:6,(anonymous_31)
FNDA:11,(anonymous_32)
FNDA:131,(anonymous_33)
FNDA:49,(anonymous_34)
FNDA:11,(anonymous_35)
FNDA:6,(anonymous_36)
DA:1,2
DA:4,2
DA:5,2
DA:9,2
DA:46,2
DA:56,51
DA:57,51
DA:59,51
DA:60,51
DA:61,51
DA:62,51
DA:64,51
DA:92,6
DA:97,6
DA:98,18
DA:100,6
DA:104,6
DA:248,6
DA:372,46
DA:373,46
DA:374,46
DA:375,1
DA:378,45
DA:379,45
DA:380,1
DA:383,44
DA:384,20
DA:386,26
DA:387,26
DA:395,8
DA:406,8
DA:407,2
DA:415,5
DA:416,3
DA:417,2
DA:418,2
DA:419,2
DA:420,2
DA:422,2
DA:423,2
DA:424,0
DA:425,0
DA:426,0
DA:429,2
DA:443,2
DA:448,2
DA:449,1
DA:452,1
DA:454,1
DA:455,1
DA:460,0
DA:465,1
DA:469,2
DA:470,2
DA:471,1
DA:473,1
DA:475,1
DA:476,1
DA:477,1
DA:478,0
DA:479,0
DA:480,0
DA:481,0
DA:485,1
DA:502,1
DA:507,1
DA:508,0
DA:511,1
DA:513,1
DA:518,0
DA:522,1
DA:526,2
DA:527,2
DA:528,2
DA:530,2
DA:535,2
DA:536,1
DA:539,1
DA:541,1
DA:546,0
DA:549,0
DA:550,0
DA:554,1
DA:558,1
DA:561,1
DA:565,2
DA:566,1
DA:570,2
DA:571,1
DA:572,1
DA:576,2
DA:584,2
DA:588,2
DA:589,2
DA:591,2
DA:592,2
DA:593,0
DA:594,0
DA:595,0
DA:598,2
DA:603,1
DA:607,3
DA:608,2
DA:609,1
DA:612,1
DA:613,1
DA:614,1
DA:615,0
DA:616,0
DA:617,0
DA:618,0
DA:622,1
DA:628,1
DA:632,2
DA:633,1
DA:634,1
DA:636,1
DA:637,1
DA:638,1
DA:639,0
DA:640,0
DA:641,0
DA:642,0
DA:643,0
DA:647,1
DA:653,1
DA:657,2
DA:658,1
DA:659,1
DA:660,1
DA:664,6
DA:709,0
DA:710,0
DA:711,0
DA:712,0
DA:714,0
DA:718,0
DA:719,0
DA:720,0
DA:721,0
DA:722,0
DA:726,0
DA:727,0
DA:728,0
DA:729,0
DA:730,0
DA:736,0
DA:740,1
DA:744,6
DA:745,5
DA:747,4
DA:752,4
DA:753,1
DA:756,3
DA:757,3
DA:759,3
DA:760,3
DA:762,3
DA:763,1
DA:764,1
DA:765,1
DA:768,2
DA:769,2
DA:770,1
DA:771,1
DA:772,1
DA:775,2
DA:778,3
DA:783,0
DA:784,0
DA:785,0
DA:786,0
DA:788,0
DA:794,3
DA:798,4
DA:799,3
DA:801,2
DA:806,2
DA:807,0
DA:810,2
DA:811,2
DA:813,2
DA:814,2
DA:816,2
DA:817,1
DA:818,1
DA:819,1
DA:820,1
DA:822,1
DA:823,1
DA:824,0
DA:825,0
DA:826,0
DA:829,1
DA:832,2
DA:837,0
DA:838,0
DA:839,0
DA:840,0
DA:842,0
DA:848,2
DA:852,5
DA:853,5
DA:854,5
DA:855,5
DA:856,5
DA:858,5
DA:859,5
DA:861,5
DA:862,5
DA:863,5
DA:867,6
DA:868,0
DA:872,11
DA:876,131
DA:877,38
DA:878,38
DA:882,49
DA:883,49
DA:884,15
DA:886,34
DA:890,11
DA:891,2
DA:892,0
DA:893,0
DA:895,2
DA:899,6
DA:900,6
DA:901,0
DA:902,0
DA:903,0
DA:905,6
LF:232
LH:171
BRDA:97,0,0,1
BRDA:97,0,1,5
BRDA:97,1,0,6
BRDA:97,1,1,1
BRDA:374,2,0,1
BRDA:374,2,1,45
BRDA:379,3,0,1
BRDA:379,3,1,44
BRDA:383,4,0,44
BRDA:383,4,1,0
BRDA:396,5,0,8
BRDA:396,5,1,8
BRDA:399,6,0,8
BRDA:399,6,1,0
BRDA:403,7,0,8
BRDA:403,7,1,8
BRDA:418,8,0,2
BRDA:418,8,1,2
BRDA:419,9,0,2
BRDA:419,9,1,2
BRDA:423,10,0,0
BRDA:423,10,1,2
BRDA:426,11,0,0
BRDA:426,11,1,0
BRDA:448,12,0,1
BRDA:448,12,1,1
BRDA:454,13,0,1
BRDA:454,13,1,0
BRDA:457,14,0,1
BRDA:457,14,1,0
BRDA:469,15,0,2
BRDA:469,15,1,2
BRDA:471,16,0,1
BRDA:471,16,1,1
BRDA:476,17,0,1
BRDA:476,17,1,1
BRDA:477,18,0,0
BRDA:477,18,1,1
BRDA:480,19,0,0
BRDA:480,19,1,0
BRDA:481,20,0,0
BRDA:481,20,1,0
BRDA:487,21,0,1
BRDA:487,21,1,0
BRDA:489,22,0,1
BRDA:489,22,1,1
BRDA:492,23,0,1
BRDA:492,23,1,1
BRDA:497,24,0,1
BRDA:497,24,1,1
BRDA:504,25,0,1
BRDA:504,25,1,0
BRDA:507,26,0,0
BRDA:507,26,1,1
BRDA:515,27,0,1
BRDA:515,27,1,0
BRDA:526,28,0,2
BRDA:526,28,1,2
BRDA:532,29,0,2
BRDA:532,29,1,0
BRDA:535,30,0,1
BRDA:535,30,1,1
BRDA:543,31,0,1
BRDA:543,31,1,0
BRDA:577,32,0,2
BRDA:577,32,1,1
BRDA:588,33,0,2
BRDA:588,33,1,2
BRDA:592,34,0,0
BRDA:592,34,1,2
BRDA:595,35,0,0
BRDA:595,35,1,0
BRDA:613,36,0,1
BRDA:613,36,1,1
BRDA:614,37,0,0
BRDA:614,37,1,1
BRDA:617,38,0,0
BRDA:617,38,1,0
BRDA:618,39,0,0
BRDA:618,39,1,0
BRDA:638,40,0,0
BRDA:638,40,1,1
BRDA:641,41,0,0
BRDA:641,41,1,0
BRDA:642,42,0,0
BRDA:642,42,1,0
BRDA:643,43,0,0
BRDA:643,43,1,0
BRDA:711,44,0,0
BRDA:711,44,1,0
BRDA:729,45,0,0
BRDA:729,45,1,0
BRDA:752,46,0,1
BRDA:752,46,1,3
BRDA:762,47,0,1
BRDA:762,47,1,2
BRDA:769,48,0,1
BRDA:769,48,1,1
BRDA:771,49,0,1
BRDA:771,49,1,0
BRDA:784,50,0,0
BRDA:784,50,1,0
BRDA:785,51,0,0
BRDA:785,51,1,0
BRDA:806,52,0,0
BRDA:806,52,1,2
BRDA:816,53,0,1
BRDA:816,53,1,1
BRDA:819,54,0,1
BRDA:819,54,1,0
BRDA:819,55,0,1
BRDA:819,55,1,0
BRDA:823,56,0,0
BRDA:823,56,1,1
BRDA:825,57,0,0
BRDA:825,57,1,0
BRDA:838,58,0,0
BRDA:838,58,1,0
BRDA:839,59,0,0
BRDA:839,59,1,0
BRDA:854,60,0,5
BRDA:854,60,1,0
BRDA:855,61,0,5
BRDA:855,61,1,0
BRDA:855,62,0,5
BRDA:855,62,1,0
BRDA:856,63,0,5
BRDA:856,63,1,0
BRDA:858,64,0,5
BRDA:858,64,1,0
BRDA:858,65,0,5
BRDA:858,65,1,0
BRDA:859,66,0,5
BRDA:859,66,1,0
BRDA:861,67,0,0
BRDA:861,67,1,5
BRDA:862,68,0,0
BRDA:862,68,1,5
BRDA:866,69,0,0
BRDA:867,70,0,6
BRDA:867,70,1,0
BRDA:872,71,0,11
BRDA:872,71,1,0
BRDA:876,72,0,93
BRDA:876,72,1,38
BRDA:878,73,0,38
BRDA:878,73,1,0
BRDA:883,74,0,15
BRDA:883,74,1,34
BRDA:890,75,0,9
BRDA:890,75,1,2
BRDA:890,76,0,11
BRDA:890,76,1,9
BRDA:891,77,0,0
BRDA:891,77,1,2
BRDA:891,78,0,2
BRDA:891,78,1,0
BRDA:893,79,0,0
BRDA:893,79,1,0
BRDA:899,80,0,0
BRDA:899,80,1,6
BRDA:900,81,0,0
BRDA:900,81,1,6
BRDA:902,82,0,0
BRDA:902,82,1,0
BRDA:903,83,0,0
BRDA:903,83,1,0
BRF:167
BRH:92
end_of_record
TN:
SF:src\EncryptionUtils.ts
FN:14,(anonymous_1)
FN:21,(anonymous_2)
FN:30,(anonymous_3)
FNF:3
FNH:3
FNDA:10,(anonymous_1)
FNDA:8,(anonymous_2)
FNDA:5,(anonymous_3)
DA:8,5
DA:10,5
DA:15,10
DA:22,8
DA:23,8
DA:33,5
LF:6
LH:6
BRF:0
BRH:0
end_of_record
TN:
SF:src\GeminiAgent.ts
FN:56,(anonymous_0)
FN:61,(anonymous_1)
FN:109,(anonymous_2)
FN:162,(anonymous_3)
FN:215,(anonymous_4)
FN:296,(anonymous_5)
FN:304,(anonymous_6)
FN:306,(anonymous_7)
FNF:8
FNH:8
FNDA:24,(anonymous_0)
FNDA:20,(anonymous_1)
FNDA:23,(anonymous_2)
FNDA:25,(anonymous_3)
FNDA:4,(anonymous_4)
FNDA:36,(anonymous_5)
FNDA:9,(anonymous_6)
FNDA:9,(anonymous_7)
DA:1,2
DA:33,2
DA:34,2
DA:50,2
DA:51,2
DA:57,24
DA:58,24
DA:62,20
DA:118,23
DA:119,23
DA:120,3
DA:123,20
DA:128,20
DA:129,20
DA:130,1
DA:138,20
DA:144,20
DA:145,20
DA:147,20
DA:148,34
DA:149,2
DA:152,32
DA:153,28
DA:154,28
DA:156,28
DA:157,3
DA:160,25
DA:162,25
DA:163,25
DA:164,9
DA:165,9
DA:173,16
DA:174,16
DA:180,16
DA:181,0
DA:184,16
DA:185,16
DA:195,16
DA:212,2
DA:220,4
DA:234,4
DA:236,4
DA:237,36
DA:238,36
DA:249,36
DA:250,0
DA:253,36
DA:254,36
DA:256,36
DA:260,36
DA:263,36
DA:265,36
DA:266,36
DA:269,36
DA:270,9
DA:274,27
DA:275,9
DA:279,18
DA:280,9
DA:286,4
DA:288,4
DA:297,36
DA:298,36
DA:299,27
DA:301,9
DA:305,9
DA:306,9
LF:67
LH:65
BRDA:111,0,0,8
BRDA:119,1,0,3
BRDA:119,1,1,20
BRDA:129,2,0,1
BRDA:129,2,1,19
BRDA:148,3,0,2
BRDA:148,3,1,32
BRDA:156,4,0,3
BRDA:156,4,1,25
BRDA:163,5,0,9
BRDA:163,5,1,16
BRDA:166,6,0,9
BRDA:166,6,1,1
BRDA:176,7,0,16
BRDA:176,7,1,0
BRDA:180,8,0,0
BRDA:180,8,1,16
BRDA:203,9,0,16
BRDA:203,9,1,8
BRDA:204,10,0,16
BRDA:204,10,1,8
BRDA:249,11,0,0
BRDA:249,11,1,36
BRDA:249,12,0,36
BRDA:249,12,1,36
BRDA:256,13,0,36
BRDA:256,13,1,27
BRDA:256,13,2,27
BRDA:260,14,0,36
BRDA:260,14,1,27
BRDA:260,14,2,27
BRDA:263,15,0,36
BRDA:263,15,1,36
BRDA:269,16,0,9
BRDA:269,16,1,27
BRDA:274,17,0,9
BRDA:274,17,1,18
BRDA:279,18,0,9
BRDA:279,18,1,9
BRDA:298,19,0,27
BRDA:298,19,1,9
BRDA:306,20,0,9
BRDA:306,20,1,0
BRF:43
BRH:39
end_of_record
TN:
SF:src\GoogleCalendarAPI.ts
FN:46,(anonymous_0)
FN:55,(anonymous_1)
FN:73,(anonymous_2)
FN:81,(anonymous_3)
FN:89,(anonymous_4)
FN:98,(anonymous_5)
FN:106,(anonymous_6)
FN:114,(anonymous_7)
FN:120,(anonymous_8)
FN:159,(anonymous_9)
FN:168,(anonymous_10)
FN:197,(anonymous_11)
FN:202,(anonymous_12)
FN:208,(anonymous_13)
FNF:14
FNH:11
FNDA:18,(anonymous_0)
FNDA:9,(anonymous_1)
FNDA:0,(anonymous_2)
FNDA:2,(anonymous_3)
FNDA:0,(anonymous_4)
FNDA:1,(anonymous_5)
FNDA:2,(anonymous_6)
FNDA:13,(anonymous_7)
FNDA:13,(anonymous_8)
FNDA:0,(anonymous_9)
FNDA:7,(anonymous_10)
FNDA:2,(anonymous_11)
FNDA:8,(anonymous_12)
FNDA:2,(anonymous_13)
DA:1,2
DA:4,2
DA:8,2
DA:9,2
DA:40,2
DA:41,2
DA:47,18
DA:48,18
DA:56,9
DA:57,9
DA:59,9
DA:60,9
DA:61,9
DA:62,9
DA:63,9
DA:64,9
DA:65,9
DA:67,9
DA:68,9
DA:70,3
DA:74,0
DA:75,0
DA:77,0
DA:78,0
DA:82,2
DA:83,2
DA:85,1
DA:86,1
DA:90,0
DA:91,0
DA:92,0
DA:94,0
DA:95,0
DA:99,1
DA:100,1
DA:102,1
DA:103,1
DA:107,2
DA:108,2
DA:110,2
DA:111,2
DA:119,13
DA:121,13
DA:122,13
DA:124,13
DA:129,13
DA:130,2
DA:131,2
DA:134,13
DA:142,13
DA:143,7
DA:144,7
DA:145,7
DA:148,7
DA:149,7
DA:152,6
DA:153,1
DA:156,5
DA:160,0
DA:169,7
DA:174,7
DA:175,7
DA:184,7
DA:186,7
DA:193,0
DA:198,2
DA:199,2
DA:203,8
DA:204,0
DA:209,2
DA:210,0
DA:214,2
DA:215,1
DA:218,1
DA:219,1
DA:221,1
DA:222,0
LF:77
LH:63
BRDA:55,0,0,1
BRDA:56,1,0,9
BRDA:56,1,1,1
BRDA:59,2,0,0
BRDA:59,2,1,9
BRDA:60,3,0,0
BRDA:60,3,1,9
BRDA:61,4,0,9
BRDA:61,4,1,1
BRDA:62,5,0,9
BRDA:62,5,1,2
BRDA:63,6,0,9
BRDA:63,6,1,2
BRDA:64,7,0,9
BRDA:64,7,1,2
BRDA:65,8,0,1
BRDA:65,8,1,8
BRDA:70,9,0,3
BRDA:70,9,1,0
BRDA:129,10,0,2
BRDA:129,10,1,11
BRDA:142,11,0,7
BRDA:142,11,1,6
BRDA:142,12,0,13
BRDA:142,12,1,13
BRDA:152,13,0,1
BRDA:152,13,1,5
BRDA:184,14,0,0
BRDA:184,14,1,7
BRDA:187,15,0,7
BRDA:187,15,1,6
BRDA:188,16,0,7
BRDA:188,16,1,0
BRDA:199,17,0,2
BRDA:199,17,1,0
BRDA:203,18,0,0
BRDA:203,18,1,8
BRDA:209,19,0,0
BRDA:209,19,1,2
BRDA:214,20,0,1
BRDA:214,20,1,1
BRDA:214,21,0,2
BRDA:214,21,1,1
BRDA:218,22,0,1
BRDA:218,22,1,1
BRDA:219,23,0,1
BRDA:219,23,1,1
BRDA:221,24,0,0
BRDA:221,24,1,1
BRDA:221,25,0,1
BRDA:221,25,1,1
BRF:51
BRH:42
end_of_record
TN:
SF:src\GoogleTasksAPI.ts
FN:56,(anonymous_0)
FN:64,(anonymous_1)
FN:78,(anonymous_2)
FN:87,(anonymous_3)
FN:97,(anonymous_4)
FN:106,(anonymous_5)
FN:130,(anonymous_6)
FN:140,(anonymous_7)
FN:150,(anonymous_8)
FN:161,(anonymous_9)
FN:171,(anonymous_10)
FN:178,(anonymous_11)
FN:184,(anonymous_12)
FN:229,(anonymous_13)
FN:235,(anonymous_14)
FN:272,(anonymous_15)
FN:278,(anonymous_16)
FNF:17
FNH:16
FNDA:91,(anonymous_0)
FNDA:3,(anonymous_1)
FNDA:2,(anonymous_2)
FNDA:2,(anonymous_3)
FNDA:2,(anonymous_4)
FNDA:8,(anonymous_5)
FNDA:3,(anonymous_6)
FNDA:2,(anonymous_7)
FNDA:3,(anonymous_8)
FNDA:1,(anonymous_9)
FNDA:3,(anonymous_10)
FNDA:20,(anonymous_11)
FNDA:20,(anonymous_12)
FNDA:0,(anonymous_13)
FNDA:2,(anonymous_14)
FNDA:34,(anonymous_15)
FNDA:3,(anonymous_16)
DA:1,3
DA:9,3
DA:10,3
DA:50,3
DA:51,3
DA:57,91
DA:58,91
DA:65,3
DA:66,3
DA:68,3
DA:69,3
DA:70,3
DA:72,2
DA:79,2
DA:80,1
DA:81,1
DA:88,2
DA:89,1
DA:90,1
DA:91,1
DA:98,2
DA:99,1
DA:100,1
DA:107,8
DA:108,8
DA:110,7
DA:111,7
DA:112,7
DA:113,7
DA:114,7
DA:115,7
DA:116,7
DA:118,7
DA:119,7
DA:122,7
DA:124,7
DA:131,3
DA:132,2
DA:133,1
DA:134,1
DA:141,2
DA:142,2
DA:143,1
DA:144,1
DA:151,3
DA:152,2
DA:153,1
DA:154,1
DA:155,1
DA:162,1
DA:163,1
DA:164,1
DA:165,1
DA:172,3
DA:173,3
DA:174,3
DA:175,3
DA:183,20
DA:185,20
DA:186,20
DA:187,0
DA:190,20
DA:191,20
DA:193,20
DA:196,20
DA:199,20
DA:200,4
DA:201,4
DA:204,20
DA:212,20
DA:213,2
DA:214,2
DA:215,2
DA:218,2
DA:219,2
DA:222,18
DA:223,3
DA:226,15
DA:230,0
DA:236,2
DA:237,2
DA:238,2
DA:239,1
DA:240,1
DA:244,2
DA:249,2
DA:250,2
DA:259,2
DA:261,2
DA:268,0
DA:273,34
DA:274,8
DA:279,3
DA:280,0
DA:282,3
DA:283,1
LF:96
LH:92
BRDA:64,0,0,2
BRDA:66,1,0,1
BRDA:66,1,1,2
BRDA:69,2,0,1
BRDA:69,2,1,2
BRDA:72,3,0,2
BRDA:72,3,1,0
BRDA:106,4,0,0
BRDA:107,5,0,8
BRDA:107,5,1,1
BRDA:111,6,0,0
BRDA:111,6,1,7
BRDA:112,7,0,1
BRDA:112,7,1,6
BRDA:113,8,0,1
BRDA:113,8,1,6
BRDA:114,9,0,1
BRDA:114,9,1,6
BRDA:115,10,0,1
BRDA:115,10,1,6
BRDA:116,11,0,1
BRDA:116,11,1,6
BRDA:119,12,0,5
BRDA:119,12,1,2
BRDA:124,13,0,7
BRDA:124,13,1,0
BRDA:186,14,0,0
BRDA:186,14,1,20
BRDA:199,15,0,4
BRDA:199,15,1,16
BRDA:212,16,0,2
BRDA:212,16,1,18
BRDA:212,17,0,20
BRDA:212,17,1,20
BRDA:222,18,0,3
BRDA:222,18,1,15
BRDA:238,19,0,1
BRDA:238,19,1,1
BRDA:259,20,0,0
BRDA:259,20,1,2
BRDA:262,21,0,2
BRDA:262,21,1,0
BRDA:263,22,0,2
BRDA:263,22,1,0
BRDA:273,23,0,8
BRDA:273,23,1,26
BRDA:279,24,0,0
BRDA:279,24,1,3
BRDA:282,25,0,1
BRDA:282,25,1,2
BRF:50
BRH:41
end_of_record
TN:
SF:src\Logger.ts
FN:8,(anonymous_0)
FN:29,(anonymous_1)
FN:56,(anonymous_2)
FN:60,(anonymous_3)
FN:64,(anonymous_4)
FN:68,(anonymous_5)
FNF:6
FNH:6
FNDA:7,(anonymous_0)
FNDA:86,(anonymous_1)
FNDA:41,(anonymous_2)
FNDA:1,(anonymous_3)
FNDA:1,(anonymous_4)
FNDA:38,(anonymous_5)
DA:8,7
DA:9,7
DA:10,7
DA:11,7
DA:12,7
DA:23,7
DA:24,7
DA:30,86
DA:38,86
DA:40,86
DA:42,42
DA:43,42
DA:45,3
DA:46,3
DA:48,2
DA:49,2
DA:51,39
DA:52,39
DA:57,41
DA:61,1
DA:65,1
DA:69,38
LF:22
LH:22
BRDA:8,0,0,7
BRDA:8,0,1,7
BRDA:40,1,0,42
BRDA:40,1,1,3
BRDA:40,1,2,2
BRDA:40,1,3,39
BRDA:42,2,0,42
BRDA:42,2,1,21
BRDA:45,3,0,3
BRDA:45,3,1,3
BRDA:48,4,0,2
BRDA:48,4,1,2
BRDA:51,5,0,39
BRDA:51,5,1,1
BRF:14
BRH:14
end_of_record
TN:
SF:src\OAuthManager.ts
FN:32,(anonymous_0)
FN:40,(anonymous_1)
FN:67,(anonymous_2)
FN:76,(anonymous_3)
FN:98,(anonymous_4)
FN:129,(anonymous_5)
FN:200,(anonymous_6)
FN:258,(anonymous_7)
FN:262,(anonymous_8)
FN:280,(anonymous_9)
FN:296,(anonymous_10)
FN:309,(anonymous_11)
FN:325,(anonymous_12)
FN:334,(anonymous_13)
FN:341,(anonymous_14)
FN:343,(anonymous_15)
FN:351,(anonymous_16)
FNF:17
FNH:14
FNDA:56,(anonymous_0)
FNDA:0,(anonymous_1)
FNDA:0,(anonymous_2)
FNDA:3,(anonymous_3)
FNDA:4,(anonymous_4)
FNDA:2,(anonymous_5)
FNDA:1,(anonymous_6)
FNDA:0,(anonymous_7)
FNDA:5,(anonymous_8)
FNDA:5,(anonymous_9)
FNDA:2,(anonymous_10)
FNDA:2,(anonymous_11)
FNDA:3,(anonymous_12)
FNDA:3,(anonymous_13)
FNDA:3,(anonymous_14)
FNDA:96,(anonymous_15)
FNDA:3,(anonymous_16)
DA:1,4
DA:4,4
DA:5,4
DA:15,4
DA:16,4
DA:17,4
DA:18,4
DA:19,4
DA:20,4
DA:29,56
DA:30,56
DA:33,56
DA:41,0
DA:42,0
DA:43,0
DA:45,0
DA:46,0
DA:47,0
DA:51,0
DA:53,0
DA:54,0
DA:57,0
DA:60,0
DA:62,0
DA:63,0
DA:68,0
DA:69,0
DA:77,3
DA:78,1
DA:81,2
DA:82,2
DA:84,2
DA:85,1
DA:88,2
DA:89,0
DA:92,2
DA:99,4
DA:100,4
DA:101,1
DA:104,3
DA:105,3
DA:106,3
DA:107,3
DA:109,3
DA:122,3
DA:130,2
DA:131,2
DA:132,0
DA:135,2
DA:136,0
DA:139,2
DA:141,2
DA:143,2
DA:151,2
DA:152,2
DA:155,2
DA:165,2
DA:166,1
DA:169,1
DA:177,1
DA:178,0
DA:181,1
DA:189,1
DA:190,1
DA:191,1
DA:193,1
DA:194,1
DA:201,1
DA:202,1
DA:203,0
DA:206,1
DA:207,0
DA:210,1
DA:212,1
DA:218,1
DA:219,1
DA:222,1
DA:232,1
DA:233,0
DA:236,1
DA:243,1
DA:244,0
DA:247,1
DA:255,1
DA:259,0
DA:268,5
DA:269,5
DA:270,5
DA:273,0
DA:274,0
DA:277,0
DA:281,5
DA:282,5
DA:283,5
DA:284,5
DA:285,5
DA:288,0
DA:297,2
DA:298,2
DA:299,2
DA:300,2
DA:301,1
DA:303,1
DA:305,1
DA:310,2
DA:312,2
DA:313,2
DA:314,2
DA:319,0
DA:322,2
DA:326,3
DA:327,3
DA:328,3
DA:329,288
DA:331,3
DA:335,3
DA:336,3
DA:337,3
DA:338,3
DA:342,3
DA:343,3
DA:344,96
DA:348,3
DA:352,3
DA:353,3
DA:354,3
DA:355,72
DA:357,3
LF:128
LH:99
BRDA:45,0,0,0
BRDA:45,0,1,0
BRDA:45,1,0,0
BRDA:45,1,1,0
BRDA:60,2,0,0
BRDA:60,2,1,0
BRDA:77,3,0,1
BRDA:77,3,1,2
BRDA:84,4,0,1
BRDA:84,4,1,1
BRDA:88,5,0,0
BRDA:88,5,1,2
BRDA:100,6,0,1
BRDA:100,6,1,3
BRDA:131,7,0,0
BRDA:131,7,1,2
BRDA:135,8,0,0
BRDA:135,8,1,2
BRDA:151,9,0,2
BRDA:151,9,1,0
BRDA:165,10,0,1
BRDA:165,10,1,1
BRDA:165,11,0,2
BRDA:165,11,1,2
BRDA:177,12,0,0
BRDA:177,12,1,1
BRDA:177,13,0,1
BRDA:177,13,1,1
BRDA:177,13,2,1
BRDA:185,14,0,1
BRDA:185,14,1,0
BRDA:202,15,0,0
BRDA:202,15,1,1
BRDA:206,16,0,0
BRDA:206,16,1,1
BRDA:218,17,0,1
BRDA:218,17,1,0
BRDA:232,18,0,0
BRDA:232,18,1,1
BRDA:232,19,0,1
BRDA:232,19,1,1
BRDA:243,20,0,0
BRDA:243,20,1,1
BRDA:243,21,0,1
BRDA:243,21,1,1
BRDA:243,21,2,1
BRDA:251,22,0,1
BRDA:251,22,1,1
BRDA:269,23,0,5
BRDA:269,23,1,0
BRDA:273,24,0,0
BRDA:273,24,1,0
BRDA:300,25,0,1
BRDA:300,25,1,1
BRDA:310,26,0,2
BRDA:310,26,1,0
BRDA:312,27,0,2
BRDA:312,27,1,0
BRDA:325,28,0,3
BRDA:351,29,0,0
BRF:60
BRH:37
end_of_record
TN:
SF:src\RetryUtils.ts
FN:23,(anonymous_0)
FN:50,(anonymous_1)
FNF:2
FNH:2
FNDA:44,(anonymous_0)
FNDA:6,(anonymous_1)
DA:13,5
DA:19,5
DA:28,44
DA:29,44
DA:31,44
DA:32,50
DA:33,50
DA:35,19
DA:38,19
DA:39,12
DA:42,7
DA:43,1
DA:46,6
DA:47,1
DA:50,6
DA:51,6
LF:16
LH:16
BRDA:25,0,0,2
BRDA:38,1,0,12
BRDA:38,1,1,7
BRDA:38,2,0,19
BRDA:38,2,1,18
BRDA:42,3,0,1
BRDA:42,3,1,6
BRDA:46,4,0,1
BRDA:46,4,1,5
BRF:9
BRH:9
end_of_record
TN:
SF:src\SafetyLayer.ts
FN:31,(anonymous_0)
FN:35,(anonymous_1)
FN:54,(anonymous_2)
FN:61,(anonymous_3)
FN:65,(anonymous_4)
FN:83,(anonymous_5)
FN:87,(anonymous_6)
FN:92,(anonymous_7)
FN:98,(anonymous_8)
FN:99,(anonymous_9)
FN:111,(anonymous_10)
FN:121,(anonymous_11)
FN:139,(anonymous_12)
FN:148,(anonymous_13)
FN:154,(anonymous_14)
FN:160,(anonymous_15)
FN:173,(anonymous_16)
FN:185,(anonymous_17)
FN:216,(anonymous_18)
FN:219,(anonymous_19)
FN:222,(anonymous_20)
FN:225,(anonymous_21)
FN:230,(anonymous_22)
FNF:23
FNH:5
FNDA:11,(anonymous_0)
FNDA:4,(anonymous_1)
FNDA:29,(anonymous_2)
FNDA:7,(anonymous_3)
FNDA:3,(anonymous_4)
FNDA:0,(anonymous_5)
FNDA:0,(anonymous_6)
FNDA:0,(anonymous_7)
FNDA:0,(anonymous_8)
FNDA:0,(anonymous_9)
FNDA:0,(anonymous_10)
FNDA:0,(anonymous_11)
FNDA:0,(anonymous_12)
FNDA:0,(anonymous_13)
FNDA:0,(anonymous_14)
FNDA:0,(anonymous_15)
FNDA:0,(anonymous_16)
FNDA:0,(anonymous_17)
FNDA:0,(anonymous_18)
FNDA:0,(anonymous_19)
FNDA:0,(anonymous_20)
FNDA:0,(anonymous_21)
FNDA:0,(anonymous_22)
DA:1,1
DA:4,1
DA:26,1
DA:28,11
DA:29,11
DA:32,11
DA:37,4
DA:38,1
DA:41,3
DA:42,3
DA:43,2
DA:44,1
DA:46,2
DA:48,1
DA:49,1
DA:50,1
DA:55,29
DA:56,29
DA:57,5
DA:62,7
DA:66,3
DA:67,3
DA:68,1
DA:69,1
DA:72,2
DA:73,2
DA:74,1
DA:75,1
DA:77,1
DA:78,1
DA:79,1
DA:87,0
DA:88,0
DA:92,0
DA:94,0
DA:99,0
DA:100,0
DA:101,0
DA:109,0
DA:116,0
DA:117,0
DA:118,0
DA:122,0
DA:123,0
DA:125,0
DA:126,0
DA:130,0
DA:131,0
DA:132,0
DA:133,0
DA:137,0
DA:138,0
DA:139,0
DA:140,0
DA:141,0
DA:144,0
DA:148,0
DA:149,0
DA:150,0
DA:155,0
DA:157,0
DA:161,0
DA:162,0
DA:163,0
DA:171,0
DA:179,0
DA:180,0
DA:181,0
DA:182,0
DA:186,0
DA:187,0
DA:188,0
DA:190,0
DA:192,0
DA:193,0
DA:194,0
DA:195,0
DA:197,0
DA:198,0
DA:199,0
DA:204,0
DA:205,0
DA:206,0
DA:207,0
DA:208,0
DA:209,0
DA:210,0
DA:214,0
DA:215,0
DA:216,0
DA:218,0
DA:219,0
DA:221,0
DA:222,0
DA:226,0
DA:227,0
DA:231,0
DA:232,0
DA:233,0
LF:99
LH:31
BRDA:37,0,0,1
BRDA:37,0,1,3
BRDA:43,1,0,1
BRDA:43,1,1,1
BRDA:56,2,0,5
BRDA:56,2,1,24
BRDA:67,3,0,1
BRDA:67,3,1,2
BRDA:130,4,0,0
BRDA:130,4,1,0
BRDA:161,5,0,0
BRDA:161,5,1,0
BRDA:197,6,0,0
BRDA:197,6,1,0
BRDA:204,7,0,0
BRDA:204,7,1,0
BRDA:231,8,0,0
BRDA:231,8,1,0
BRF:18
BRH:8
end_of_record
TN:
SF:src\SyncManager.ts
FN:17,(anonymous_0)
FN:26,(anonymous_1)
FN:34,(anonymous_2)
FN:40,(anonymous_3)
FN:57,(anonymous_4)
FN:62,(anonymous_5)
FN:76,(anonymous_6)
FN:88,(anonymous_7)
FN:100,(anonymous_8)
FN:137,(anonymous_9)
FN:187,(anonymous_10)
FN:249,(anonymous_11)
FNF:12
FNH:11
FNDA:15,(anonymous_0)
FNDA:3,(anonymous_1)
FNDA:3,(anonymous_2)
FNDA:1,(anonymous_3)
FNDA:5,(anonymous_4)
FNDA:0,(anonymous_5)
FNDA:1,(anonymous_6)
FNDA:6,(anonymous_7)
FNDA:9,(anonymous_8)
FNDA:3,(anonymous_9)
FNDA:5,(anonymous_10)
FNDA:1,(anonymous_11)
DA:1,1
DA:10,1
DA:18,15
DA:19,15
DA:20,15
DA:27,3
DA:28,3
DA:36,3
DA:37,0
DA:40,3
DA:42,1
DA:43,1
DA:44,1
DA:46,0
DA:50,3
DA:51,3
DA:58,5
DA:59,5
DA:61,1
DA:62,1
DA:63,0
DA:65,0
DA:67,0
DA:70,1
DA:77,1
DA:78,1
DA:79,1
DA:80,1
DA:81,1
DA:89,6
DA:90,0
DA:91,0
DA:101,9
DA:102,9
DA:108,9
DA:109,3
DA:110,3
DA:112,1
DA:116,9
DA:117,5
DA:118,5
DA:120,1
DA:124,9
DA:125,2
DA:127,7
DA:130,9
DA:138,3
DA:139,2
DA:141,2
DA:142,2
DA:144,2
DA:145,1
DA:147,1
DA:148,1
DA:150,1
DA:151,1
DA:152,1
DA:153,1
DA:154,1
DA:155,1
DA:157,1
DA:158,2
DA:159,1
DA:161,1
DA:162,1
DA:164,1
DA:165,1
DA:166,1
DA:167,1
DA:173,1
DA:174,1
DA:175,1
DA:181,2
DA:188,5
DA:189,5
DA:191,5
DA:192,5
DA:193,5
DA:194,5
DA:196,5
DA:197,5
DA:199,5
DA:201,5
DA:202,5
DA:204,0
DA:205,0
DA:206,0
DA:210,5
DA:216,4
DA:218,3
DA:221,3
DA:222,3
DA:223,3
DA:226,3
DA:230,3
DA:231,3
DA:232,1
DA:233,1
DA:234,1
DA:235,1
DA:236,1
DA:238,0
DA:240,2
DA:241,2
DA:250,1
DA:251,1
DA:252,1
DA:254,1
DA:255,1
DA:256,1
DA:258,1
DA:259,1
DA:260,1
DA:261,1
DA:263,1
DA:264,1
DA:267,1
DA:269,1
DA:270,1
DA:272,1
DA:273,1
DA:276,1
DA:277,1
DA:278,0
DA:279,0
DA:282,0
DA:283,0
DA:287,0
DA:293,1
LF:129
LH:113
BRDA:36,0,0,0
BRDA:36,0,1,3
BRDA:42,1,0,1
BRDA:42,1,1,0
BRDA:42,2,0,1
BRDA:42,2,1,1
BRDA:59,3,0,4
BRDA:59,3,1,1
BRDA:78,4,0,1
BRDA:78,4,1,0
BRDA:89,5,0,0
BRDA:89,5,1,6
BRDA:108,6,0,3
BRDA:108,6,1,6
BRDA:116,7,0,5
BRDA:116,7,1,4
BRDA:124,8,0,2
BRDA:124,8,1,7
BRDA:145,9,0,0
BRDA:145,9,1,1
BRDA:152,10,0,1
BRDA:152,10,1,0
BRDA:158,11,0,1
BRDA:158,11,1,1
BRDA:161,12,0,1
BRDA:161,12,1,0
BRDA:161,13,0,1
BRDA:161,13,1,0
BRDA:161,13,2,0
BRDA:162,14,0,0
BRDA:162,14,1,1
BRDA:164,15,0,1
BRDA:164,15,1,0
BRDA:165,16,0,1
BRDA:165,16,1,0
BRDA:173,17,0,1
BRDA:173,17,1,0
BRDA:192,18,0,5
BRDA:192,18,1,0
BRDA:192,19,0,5
BRDA:192,19,1,2
BRDA:197,20,0,5
BRDA:197,20,1,0
BRDA:216,21,0,1
BRDA:216,21,1,3
BRDA:223,22,0,3
BRDA:223,22,1,0
BRDA:231,23,0,1
BRDA:231,23,1,2
BRDA:234,24,0,1
BRDA:234,24,1,0
BRDA:258,25,0,1
BRDA:258,25,1,0
BRDA:263,26,0,1
BRDA:263,26,1,0
BRDA:263,27,0,1
BRDA:263,27,1,0
BRDA:269,28,0,1
BRDA:269,28,1,0
BRDA:272,29,0,1
BRDA:272,29,1,0
BRDA:272,30,0,1
BRDA:272,30,1,1
BRDA:278,31,0,0
BRDA:278,31,1,0
BRDA:278,32,0,0
BRDA:278,32,1,0
BRF:67
BRH:41
end_of_record
TN:
SF:src\VaultContext.ts
FN:39,(anonymous_0)
FN:43,(anonymous_1)
FN:59,(anonymous_2)
FN:62,(anonymous_3)
FN:72,(anonymous_4)
FN:88,(anonymous_5)
FN:97,(anonymous_6)
FN:115,(anonymous_7)
FN:119,(anonymous_8)
FN:123,(anonymous_9)
FN:139,(anonymous_10)
FN:151,(anonymous_11)
FNF:12
FNH:11
FNDA:7,(anonymous_0)
FNDA:6,(anonymous_1)
FNDA:6,(anonymous_2)
FNDA:5,(anonymous_3)
FNDA:1,(anonymous_4)
FNDA:6,(anonymous_5)
FNDA:15,(anonymous_6)
FNDA:6,(anonymous_7)
FNDA:5,(anonymous_8)
FNDA:0,(anonymous_9)
FNDA:8,(anonymous_10)
FNDA:3,(anonymous_11)
DA:36,1
DA:40,7
DA:44,6
DA:50,6
DA:60,6
DA:61,6
DA:62,6
DA:63,5
DA:64,5
DA:65,5
DA:66,5
DA:67,5
DA:70,6
DA:72,1
DA:75,6
DA:76,6
DA:77,2
DA:78,2
DA:85,6
DA:89,6
DA:90,6
DA:92,6
DA:93,5
DA:94,5
DA:96,5
DA:97,5
DA:98,15
DA:99,15
DA:100,2
DA:109,5
DA:112,6
DA:116,6
DA:117,6
DA:118,6
DA:120,5
DA:121,5
DA:123,0
DA:126,6
DA:127,6
DA:128,1
DA:129,1
DA:136,6
DA:140,8
DA:141,8
DA:142,8
DA:144,8
DA:146,0
DA:147,0
DA:152,3
DA:153,3
DA:154,3
DA:155,0
LF:52
LH:48
BRDA:65,0,0,5
BRDA:65,0,1,5
BRDA:67,1,0,5
BRDA:67,1,1,3
BRDA:94,2,0,0
BRDA:94,2,1,5
BRDA:99,3,0,2
BRDA:99,3,1,13
BRDA:109,4,0,0
BRDA:109,4,1,5
BRDA:121,5,0,5
BRDA:121,5,1,5
BRDA:142,6,0,0
BRDA:142,6,1,8
BRDA:152,7,0,0
BRDA:152,7,1,3
BRDA:154,8,0,3
BRDA:154,8,1,0
BRF:18
BRH:13
end_of_record
TN:
SF:src\types.ts
FN:7,(anonymous_0)
FNF:1
FNH:1
FNDA:3,(anonymous_0)
DA:5,3
DA:7,3
DA:8,3
DA:9,3
DA:10,3
DA:11,3
DA:12,3
DA:13,3
DA:14,3
DA:41,3
LF:10
LH:10
BRDA:7,0,0,3
BRDA:7,0,1,3
BRF:2
BRH:2
end_of_record
